<?xml version="1.0" encoding="UTF-8"?>
<!-- Generated by org.testng.reporters.JUnitReportReporter -->
<testsuite hostname="DESKTOP-0I8AHN0" failures="0" tests="7" name="runner.RunnerFilesTestNG" time="0.301" errors="0" timestamp="2022-09-26T15:35:15 WIB" skipped="0">
  <testcase classname="runner.RunnerFilesTestNG" name="runScenario" time="0.264"/>
  <system-out/>
  <testcase classname="runner.RunnerFilesTestNG" name="runScenario" time="0.005"/>
  <system-out/>
  <testcase classname="runner.RunnerFilesTestNG" name="runScenario" time="0.006"/>
  <system-out/>
  <testcase classname="runner.RunnerFilesTestNG" name="runScenario" time="0.011"/>
  <system-out/>
  <testcase classname="runner.RunnerFilesTestNG" name="runScenario" time="0.005"/>
  <system-out/>
  <testcase classname="runner.RunnerFilesTestNG" name="runScenario" time="0.005"/>
  <system-out/>
  <testcase classname="runner.RunnerFilesTestNG" name="runScenario" time="0.005"/>
  <system-out/>
</testsuite> <!-- runner.RunnerFilesTestNG -->
